<?xml version="1.0" encoding="UTF-8"?>
<testsuite xmlns:xsi="http://www.w3.org/2001/XMLSchema-instance" xsi:noNamespaceSchemaLocation="https://maven.apache.org/surefire/maven-surefire-plugin/xsd/surefire-test-report-3.0.xsd" version="3.0" name="nl.overheid.koop.basic.application.controller.BasicAuthControllerTest" time="6.774" tests="7" errors="0" skipped="0" failures="0">
  <properties>
[...]
</properties>
  <testcase name="testAdminAuthorizedForPublicEndpoint" classname="nl.overheid.koop.basic.application.controller.BasicAuthControllerTest" time="2.095">
    <system-out><![CDATA[
  .   ____          _            __ _ _
 /\\ / ___'_ __ _ _(_)_ __  __ _ \ \ \ \
( ( )\___ | '_ | '_| | '_ \/ _` | \ \ \ \
 \\/  ___)| |_)| | | | | || (_| |  ) ) ) )
  '  |____| .__|_| |_|_| |_\__, | / / / /
 =========|_|==============|___/=/_/_/_/
 :: Spring Boot ::                (v3.2.5)

2024-09-01T12:13:01.659+02:00  INFO 7685 --- [MyApplication] [           main] n.o.k.b.a.c.BasicAuthControllerTest      : Starting BasicAuthControllerTest using Java 17.0.12 with PID 7685 (started by dev in /home/dev/git/spring_basic)
2024-09-01T12:13:01.662+02:00  INFO 7685 --- [MyApplication] [           main] n.o.k.b.a.c.BasicAuthControllerTest      : The following 1 profile is active: "local"
2024-09-01T12:13:03.452+02:00  INFO 7685 --- [MyApplication] [           main] o.s.b.w.embedded.tomcat.TomcatWebServer  : Tomcat initialized with port 0 (http)
2024-09-01T12:13:03.464+02:00  INFO 7685 --- [MyApplication] [           main] o.apache.catalina.core.StandardService   : Starting service [Tomcat]
2024-09-01T12:13:03.464+02:00  INFO 7685 --- [MyApplication] [           main] o.apache.catalina.core.StandardEngine    : Starting Servlet engine: [Apache Tomcat/10.1.20]
2024-09-01T12:13:03.533+02:00  INFO 7685 --- [MyApplication] [           main] o.a.c.c.C.[Tomcat].[localhost].[/]       : Initializing Spring embedded WebApplicationContext
2024-09-01T12:13:03.534+02:00  INFO 7685 --- [MyApplication] [           main] w.s.c.ServletWebServerApplicationContext : Root WebApplicationContext: initialization completed in 1599 ms
2024-09-01T12:13:03.993+02:00  INFO 7685 --- [MyApplication] [           main] o.s.b.a.w.s.WelcomePageHandlerMapping    : Adding welcome page: class path resource [static/index.html]
2024-09-01T12:13:04.357+02:00  INFO 7685 --- [MyApplication] [           main] o.s.b.a.e.web.EndpointLinksResolver      : Exposing 13 endpoint(s) beneath base path '/actuator'
2024-09-01T12:13:04.458+02:00  INFO 7685 --- [MyApplication] [           main] o.s.s.web.DefaultSecurityFilterChain     : Will secure any request with [org.springframework.security.web.session.DisableEncodeUrlFilter@3982206a, org.springframework.security.web.session.ForceEagerSessionCreationFilter@3e9fb485, org.springframework.security.web.context.request.async.WebAsyncManagerIntegrationFilter@4f3fec43, org.springframework.security.web.context.SecurityContextHolderFilter@20890a1a, org.springframework.security.web.header.HeaderWriterFilter@f48a080, org.springframework.web.filter.CorsFilter@38dbeb39, org.springframework.security.web.csrf.CsrfFilter@22aefae0, org.springframework.security.web.authentication.logout.LogoutFilter@4315fe1b, org.springframework.security.web.authentication.www.BasicAuthenticationFilter@250a946, org.springframework.security.web.savedrequest.RequestCacheAwareFilter@78bad03b, org.springframework.security.web.servletapi.SecurityContextHolderAwareRequestFilter@26101efc, org.springframework.security.web.authentication.AnonymousAuthenticationFilter@10f20d38, org.springframework.security.web.session.SessionManagementFilter@61c87f1b, org.springframework.security.web.access.ExceptionTranslationFilter@749d7c01, org.springframework.security.web.access.intercept.AuthorizationFilter@7e4ac598]
2024-09-01T12:13:04.913+02:00  INFO 7685 --- [MyApplication] [           main] o.s.b.w.embedded.tomcat.TomcatWebServer  : Tomcat started on port 46729 (http) with context path ''
2024-09-01T12:13:04.931+02:00  INFO 7685 --- [MyApplication] [           main] n.o.k.b.a.c.BasicAuthControllerTest      : Started BasicAuthControllerTest in 3.679 seconds (process running for 4.582)
2024-09-01T12:13:06.919+02:00  INFO 7685 --- [MyApplication] [o-auto-1-exec-1] o.a.c.c.C.[Tomcat].[localhost].[/]       : Initializing Spring DispatcherServlet 'dispatcherServlet'
2024-09-01T12:13:06.920+02:00  INFO 7685 --- [MyApplication] [o-auto-1-exec-1] o.s.web.servlet.DispatcherServlet        : Initializing Servlet 'dispatcherServlet'
2024-09-01T12:13:06.921+02:00  INFO 7685 --- [MyApplication] [o-auto-1-exec-1] o.s.web.servlet.DispatcherServlet        : Completed initialization in 1 ms
]]></system-out>
  </testcase>
  <testcase name="testUserAuthorizedUserEndpoint" classname="nl.overheid.koop.basic.application.controller.BasicAuthControllerTest" time="0.2"/>
  <testcase name="testAdminAuthorizedForUserEndpoint" classname="nl.overheid.koop.basic.application.controller.BasicAuthControllerTest" time="0.09"/>
  <testcase name="testAnonymousAuthorizedForPublicEndpoint" classname="nl.overheid.koop.basic.application.controller.BasicAuthControllerTest" time="0.025"/>
  <testcase name="testUserNotAuthorizedAdminEndpoint" classname="nl.overheid.koop.basic.application.controller.BasicAuthControllerTest" time="0.127"/>
  <testcase name="testUserAuthorizedForPublicEndpoint" classname="nl.overheid.koop.basic.application.controller.BasicAuthControllerTest" time="0.022"/>
  <testcase name="testAdminAuthorizedAdminEndpoint" classname="nl.overheid.koop.basic.application.controller.BasicAuthControllerTest" time="0.086"/>
</testsuite>